Arguments: 
  /usr/local/Cellar/node/9.9.0/bin/node /usr/local/bin/yarn install --save-dev react

PATH: 
  /Library/Java/JavaVirtualMachines/jdk1.8.0_162.jdk/Contents/Home/bin:/Library/Java/JavaVirtualMachines/jdk1.8.0_162.jdk/Contents/Home//bin:/usr/local/bin:/usr/bin:/bin:/usr/sbin:/sbin:/Library/Java/JavaVirtualMachines/jdk1.8.0_162.jdk/Contents/Home/bin:/Library/Java/JavaVirtualMachines/jdk1.8.0_162.jdk/Contents/Home//bin

Yarn version: 
  1.5.1

Node version: 
  6.12.0

Platform: 
  darwin x64

npm manifest: 
  {
    "name": "demo-dit",
    "version": "1.0.0",
    "main": "index.js",
    "repository": "git@github.com:joneyphair/demo-dit.git",
    "author": "张屈(亦丘) <zhangqu.zq@alibaba-inc.com>",
    "license": "MIT"
  }

yarn manifest: 
  No manifest

Lockfile: 
  No lockfile

Trace: 
  Error: `install` has been replaced with `add` to add new dependencies. Run "yarn add react --dev" instead.
      at MessageError.Error (native)
      at new MessageError (/usr/local/lib/node_modules/yarn/lib/cli.js:186:110)
      at Object.<anonymous> (/usr/local/lib/node_modules/yarn/lib/cli.js:21987:13)
      at next (native)
      at step (/usr/local/lib/node_modules/yarn/lib/cli.js:98:30)
      at /usr/local/lib/node_modules/yarn/lib/cli.js:109:13
